[main] INFO nopCommerce - ****** Launching Browser ******
[main] INFO nopCommerce - ****** Opening URL ******
[main] INFO nopCommerce - ****** User entered credentials Login ******
[main] INFO nopCommerce - ****** User clicked on Login ******
[main] INFO nopCommerce - ****** Adding new customer ******
[main] INFO nopCommerce - ****** Providing Customer Details ******
[main] INFO nopCommerce - ****** User saved customer details by clicking on save button ******
[main] INFO nopCommerce - ****** Browser Closed ******
[main] INFO nopCommerce - ****** Launching Browser ******
[main] INFO nopCommerce - ****** Opening URL ******
[main] INFO nopCommerce - ****** User entered credentials Login ******
[main] INFO nopCommerce - ****** User clicked on Login ******
[main] INFO nopCommerce - ****** searching existing customer by email id ******
[main] INFO nopCommerce - ****** Validating after searching customer by email id is successful ******
[main] INFO nopCommerce - ****** Browser Closed ******
[main] INFO nopCommerce - ****** Launching Browser ******
[main] INFO nopCommerce - ****** Opening URL ******
[main] INFO nopCommerce - ****** User entered credentials Login ******
[main] INFO nopCommerce - ****** User clicked on Login ******
[main] INFO nopCommerce - ****** searching existing customer by name ******
[main] INFO nopCommerce - ****** Validating after searching customer by name is successful ******
[main] INFO nopCommerce - ****** Browser Closed ******
[main] INFO nopCommerce - ****** Launching Browser ******
[main] INFO nopCommerce - ****** Opening URL ******
[main] INFO nopCommerce - ****** User entered credentials Login ******
[main] INFO nopCommerce - ****** User clicked on Login ******
[main] INFO nopCommerce - ****** Adding new customer ******
[main] INFO nopCommerce - ****** Providing Customer Details ******
[main] INFO nopCommerce - ****** User saved customer details by clicking on save button ******
[main] INFO nopCommerce - ****** Browser Closed ******
[main] INFO nopCommerce - ****** Launching Browser ******
[main] INFO nopCommerce - ****** Opening URL ******
[main] INFO nopCommerce - ****** User entered credentials Login ******
[main] INFO nopCommerce - ****** User clicked on Login ******
[main] INFO nopCommerce - ****** Successful Login ******
[main] INFO nopCommerce - ****** Successful Logout ******
[main] INFO nopCommerce - ****** Successful Login ******
[main] INFO nopCommerce - ****** Browser Closed ******
[main] INFO nopCommerce - ****** Launching Browser ******
[main] INFO nopCommerce - ****** Opening URL ******
[main] INFO nopCommerce - ****** User entered credentials Login ******
[main] INFO nopCommerce - ****** User clicked on Login ******
[main] INFO nopCommerce - ****** Adding new customer ******
[main] INFO nopCommerce - ****** Providing Customer Details ******
[main] INFO nopCommerce - ****** User saved customer details by clicking on save button ******
[main] INFO nopCommerce - ****** Browser Closed ******
[main] INFO nopCommerce - ****** Launching Browser ******
[main] INFO nopCommerce - ****** Opening URL ******
[main] INFO nopCommerce - ****** User entered credentials Login ******
[main] INFO nopCommerce - ****** User clicked on Login ******
[main] INFO nopCommerce - ****** searching existing customer by email id ******
[main] INFO nopCommerce - ****** Validating after searching customer by email id is successful ******
[main] INFO nopCommerce - ****** Browser Closed ******
[main] INFO nopCommerce - ****** Launching Browser ******
[main] INFO nopCommerce - ****** Opening URL ******
[main] INFO nopCommerce - ****** User entered credentials Login ******
[main] INFO nopCommerce - ****** User clicked on Login ******
[main] INFO nopCommerce - ****** searching existing customer by name ******
[main] INFO nopCommerce - ****** Validating after searching customer by name is successful ******
[main] INFO nopCommerce - ****** Browser Closed ******
[main] INFO nopCommerce - ****** Launching Browser ******
[main] INFO nopCommerce - ****** Opening URL ******
[main] INFO nopCommerce - ****** User entered credentials Login ******
[main] INFO nopCommerce - ****** User clicked on Login ******
[main] INFO nopCommerce - ****** Successful Login ******
[main] INFO nopCommerce - ****** Successful Logout ******
[main] INFO nopCommerce - ****** Successful Login ******
[main] INFO nopCommerce - ****** Browser Closed ******
[main] INFO nopCommerce - ****** Launching Browser ******
[main] INFO nopCommerce - ****** Opening URL ******
[main] INFO nopCommerce - ****** User entered credentials Login ******
[main] INFO nopCommerce - ****** User clicked on Login ******
[main] INFO nopCommerce - ****** Successful Login ******
[main] INFO nopCommerce - ****** Successful Logout ******
[main] INFO nopCommerce - ****** Successful Login ******
[main] INFO nopCommerce - ****** Browser Closed ******
[main] INFO nopCommerce - ****** Launching Browser ******
[main] INFO nopCommerce - ****** Opening URL ******
[main] INFO nopCommerce - ****** User entered credentials Login ******
[main] INFO nopCommerce - ****** User clicked on Login ******
[main] INFO nopCommerce - ****** Unsuccessful Login ******
